<?xml version="1.0" encoding="UTF-8"?>
<!-- Generated by org.testng.reporters.JUnitXMLReporter -->
<testsuite hostname="HSC-PF1DSQNS" ignored="4" name="EF_Fusion_test" tests="7" failures="0" timestamp="2020-07-16T09:52:51 IST" time="1234.042" errors="0">
  <testcase name="selecting_GeneralAccounting_Module" time="114.062" classname="com.testScripts.GeneralAccounting_Script"/>
  <testcase name="create_Journal" time="134.492" classname="com.testScripts.GeneralAccounting_Script"/>
  <testcase name="create_Journal" time="148.339" classname="com.testScripts.GeneralAccounting_Script"/>
  <testcase name="aaplicationLaunch" time="136.777" classname="com.testScripts.PayablessScript2"/>
  <testcase name="createInvoiceFlow" time="323.343" classname="com.testScripts.PayablessScript2"/>
  <testcase name="launchApplication" time="105.176" classname="com.testScripts.RequisitionScript"/>
  <testcase name="RequisitionProcess" time="262.829" classname="com.testScripts.RequisitionScript"/>
  <testcase name="@AfterSuite end_ExtentReport" time="0.0" classname="com.utility.BaseClass">
    <ignored/>
  </testcase> <!-- @AfterSuite end_ExtentReport -->
  <testcase name="@AfterSuite end_ExtentReport" time="0.0" classname="com.utility.BaseClass">
    <ignored/>
  </testcase> <!-- @AfterSuite end_ExtentReport -->
  <testcase name="@BeforeSuite setExtent_Reports" time="0.0" classname="com.utility.BaseClass">
    <ignored/>
  </testcase> <!-- @BeforeSuite setExtent_Reports -->
  <testcase name="@BeforeSuite setExtent_Reports" time="0.0" classname="com.utility.BaseClass">
    <ignored/>
  </testcase> <!-- @BeforeSuite setExtent_Reports -->
</testsuite> <!-- EF_Fusion_test -->
